
**** Build of configuration Debug for project Lab4 ****

"C:\\ti\\ccs1230\\ccs\\utils\\bin\\gmake" -k -j 24 all -O 
 
Building file: "../button.c"
Invoking: Arm Compiler
"C:/ti/ccs1230/ccs/tools/compiler/ti-cgt-arm_20.2.7.LTS/bin/armcl" -mv7M4 --code_state=16 --float_support=FPv4SPD16 -me --include_path="C:/ti/TivaWare_C_Series-2.2.0.295" --include_path="U:/2024 Data/CprE288Workspace/Lab4" --include_path="C:/ti/ccs1230/ccs/tools/compiler/ti-cgt-arm_20.2.7.LTS/include" --define=ccs="ccs" --define=PART_TM4C123GH6PM -g --gcc --diag_warning=225 --diag_wrap=off --display_error_number --abi=eabi --preproc_with_compile --preproc_dependency="button.d_raw"  "../button.c"
Finished building: "../button.c"
 
Building file: "../lab4_template.c"
Invoking: Arm Compiler
"C:/ti/ccs1230/ccs/tools/compiler/ti-cgt-arm_20.2.7.LTS/bin/armcl" -mv7M4 --code_state=16 --float_support=FPv4SPD16 -me --include_path="C:/ti/TivaWare_C_Series-2.2.0.295" --include_path="U:/2024 Data/CprE288Workspace/Lab4" --include_path="C:/ti/ccs1230/ccs/tools/compiler/ti-cgt-arm_20.2.7.LTS/include" --define=ccs="ccs" --define=PART_TM4C123GH6PM -g --gcc --diag_warning=225 --diag_wrap=off --display_error_number --abi=eabi --preproc_with_compile --preproc_dependency="lab4_template.d_raw"  "../lab4_template.c"
Finished building: "../lab4_template.c"
 
Building file: "../scan.c"
Invoking: Arm Compiler
"C:/ti/ccs1230/ccs/tools/compiler/ti-cgt-arm_20.2.7.LTS/bin/armcl" -mv7M4 --code_state=16 --float_support=FPv4SPD16 -me --include_path="C:/ti/TivaWare_C_Series-2.2.0.295" --include_path="U:/2024 Data/CprE288Workspace/Lab4" --include_path="C:/ti/ccs1230/ccs/tools/compiler/ti-cgt-arm_20.2.7.LTS/include" --define=ccs="ccs" --define=PART_TM4C123GH6PM -g --gcc --diag_warning=225 --diag_wrap=off --display_error_number --abi=eabi --preproc_with_compile --preproc_dependency="scan.d_raw"  "../scan.c"
"../scan.c", line 76: warning #179-D: variable "objectCenterDistances" was declared but never referenced
"../scan.c", line 80: warning #179-D: variable "objectRadialWidth" was declared but never referenced
Finished building: "../scan.c"
 
Building target: "Lab4.out"
Invoking: Arm Linker
"C:/ti/ccs1230/ccs/tools/compiler/ti-cgt-arm_20.2.7.LTS/bin/armcl" -mv7M4 --code_state=16 --float_support=FPv4SPD16 -me --define=ccs="ccs" --define=PART_TM4C123GH6PM -g --gcc --diag_warning=225 --diag_wrap=off --display_error_number --abi=eabi -z -m"Lab4.map" --heap_size=4096 --stack_size=4096 -i"C:/ti/ccs1230/ccs/tools/compiler/ti-cgt-arm_20.2.7.LTS/lib" -i"C:/ti/ccs1230/ccs/tools/compiler/ti-cgt-arm_20.2.7.LTS/include" --reread_libs --diag_wrap=off --display_error_number --warn_sections --xml_link_info="Lab4_linkInfo.xml" --rom_model -o "Lab4.out" "./Timer.obj" "./button.obj" "./lab4_template.obj" "./lcd.obj" "./movement.obj" "./open_interface.obj" "./scan.obj" "./tm4c123gh6pm_startup_ccs.obj" "../libcybotScan.lib" "../libcybotUART.lib" "../tm4c123gh6pm.cmd"  -l"C:/ti/TivaWare_C_Series-2.2.0.295/driverlib/ccs/Debug/driverlib.lib" -llibc.a 
<Linking>
Finished building target: "Lab4.out"
 

**** Build Finished ****
